=== Context Window Log - Started 2026-03-16T12:20:54.481Z ===


================================================================================
SESSION: 3bd104c4-23cb-46cf-9bb3-dcb344b0d36c
TIMESTAMP: 2026-03-16T12:21:00.439Z
TOTAL MESSAGES: 4
================================================================================

{
  "system": [
    {
      "type": "text",
      "text": ""
    }
  ],
  "tools": [
    {
      "name": "listDirectory",
      "description": "List files in a directory",
      "parameters": {
        "$schema": "http://json-schema.org/draft-07/schema#",
        "type": "object",
        "properties": {
          "path": {
            "type": "string",
            "description": "Directory path to list"
          }
        },
        "required": [
          "path"
        ],
        "additionalProperties": false
      }
    },
    {
      "name": "readFile",
      "description": "Read contents of a file",
      "parameters": {
        "$schema": "http://json-schema.org/draft-07/schema#",
        "type": "object",
        "properties": {
          "path": {
            "type": "string",
            "description": "File path to read"
          }
        },
        "required": [
          "path"
        ],
        "additionalProperties": false
      }
    },
    {
      "name": "createFile",
      "description": "Create a new file with content",
      "parameters": {
        "$schema": "http://json-schema.org/draft-07/schema#",
        "type": "object",
        "properties": {
          "path": {
            "type": "string",
            "description": "File path to create"
          },
          "content": {
            "type": "string",
            "description": "Content to write"
          }
        },
        "required": [
          "path",
          "content"
        ],
        "additionalProperties": false
      }
    },
    {
      "name": "editFile",
      "description": "Edit an existing file by replacing old content with new content",
      "parameters": {
        "$schema": "http://json-schema.org/draft-07/schema#",
        "type": "object",
        "properties": {
          "path": {
            "type": "string",
            "description": "File path to edit"
          },
          "oldContent": {
            "type": "string",
            "description": "Content to replace"
          },
          "newContent": {
            "type": "string",
            "description": "New content"
          }
        },
        "required": [
          "path",
          "oldContent",
          "newContent"
        ],
        "additionalProperties": false
      }
    },
    {
      "name": "bash",
      "description": "Execute a bash command and return stdout, stderr, and exit code. Use this to run tests, builds, git commands, or verify results.",
      "parameters": {
        "$schema": "http://json-schema.org/draft-07/schema#",
        "type": "object",
        "properties": {
          "command": {
            "type": "string",
            "description": "The bash command to execute"
          },
          "cwd": {
            "description": "Working directory (defaults to current directory)",
            "type": "string"
          },
          "timeout": {
            "description": "Timeout in milliseconds (defaults to 30000)",
            "type": "number"
          }
        },
        "required": [
          "command"
        ],
        "additionalProperties": false
      }
    }
  ],
  "messages": [
    {
      "role": "system",
      "content": [
        {
          "type": "text",
          "text": ""
        }
      ]
    },
    {
      "role": "user",
      "content": "implements cpf formatter in ./helper.ts"
    },
    {
      "role": "assistant",
      "content": [
        {
          "type": "tool-call",
          "toolCallId": "call_12539895",
          "toolName": "listDirectory",
          "input": {
            "path": "."
          }
        }
      ]
    },
    {
      "role": "tool",
      "content": [
        {
          "type": "tool-result",
          "toolCallId": "call_12539895",
          "toolName": "listDirectory",
          "output": ".env\n.env.example\n.git\n.gitignore\nbun.lock\ncontext.log\nhelper.ts\nlogger.ts\nmain.sdk.ts\nmain.tool.ts\nmain.ts\nnode_modules\npackage-lock.json\npackage.json\ntools.ts"
        }
      ]
    }
  ]
}

================================================================================

================================================================================
SESSION: 3bd104c4-23cb-46cf-9bb3-dcb344b0d36c
TIMESTAMP: 2026-03-16T12:21:02.017Z
TOTAL MESSAGES: 6
================================================================================

{
  "system": [
    {
      "type": "text",
      "text": ""
    }
  ],
  "tools": [
    {
      "name": "listDirectory",
      "description": "List files in a directory",
      "parameters": {
        "$schema": "http://json-schema.org/draft-07/schema#",
        "type": "object",
        "properties": {
          "path": {
            "type": "string",
            "description": "Directory path to list"
          }
        },
        "required": [
          "path"
        ],
        "additionalProperties": false
      }
    },
    {
      "name": "readFile",
      "description": "Read contents of a file",
      "parameters": {
        "$schema": "http://json-schema.org/draft-07/schema#",
        "type": "object",
        "properties": {
          "path": {
            "type": "string",
            "description": "File path to read"
          }
        },
        "required": [
          "path"
        ],
        "additionalProperties": false
      }
    },
    {
      "name": "createFile",
      "description": "Create a new file with content",
      "parameters": {
        "$schema": "http://json-schema.org/draft-07/schema#",
        "type": "object",
        "properties": {
          "path": {
            "type": "string",
            "description": "File path to create"
          },
          "content": {
            "type": "string",
            "description": "Content to write"
          }
        },
        "required": [
          "path",
          "content"
        ],
        "additionalProperties": false
      }
    },
    {
      "name": "editFile",
      "description": "Edit an existing file by replacing old content with new content",
      "parameters": {
        "$schema": "http://json-schema.org/draft-07/schema#",
        "type": "object",
        "properties": {
          "path": {
            "type": "string",
            "description": "File path to edit"
          },
          "oldContent": {
            "type": "string",
            "description": "Content to replace"
          },
          "newContent": {
            "type": "string",
            "description": "New content"
          }
        },
        "required": [
          "path",
          "oldContent",
          "newContent"
        ],
        "additionalProperties": false
      }
    },
    {
      "name": "bash",
      "description": "Execute a bash command and return stdout, stderr, and exit code. Use this to run tests, builds, git commands, or verify results.",
      "parameters": {
        "$schema": "http://json-schema.org/draft-07/schema#",
        "type": "object",
        "properties": {
          "command": {
            "type": "string",
            "description": "The bash command to execute"
          },
          "cwd": {
            "description": "Working directory (defaults to current directory)",
            "type": "string"
          },
          "timeout": {
            "description": "Timeout in milliseconds (defaults to 30000)",
            "type": "number"
          }
        },
        "required": [
          "command"
        ],
        "additionalProperties": false
      }
    }
  ],
  "messages": [
    {
      "role": "system",
      "content": [
        {
          "type": "text",
          "text": ""
        }
      ]
    },
    {
      "role": "user",
      "content": "implements cpf formatter in ./helper.ts"
    },
    {
      "role": "assistant",
      "content": [
        {
          "type": "tool-call",
          "toolCallId": "call_12539895",
          "toolName": "listDirectory",
          "input": {
            "path": "."
          }
        }
      ]
    },
    {
      "role": "tool",
      "content": [
        {
          "type": "tool-result",
          "toolCallId": "call_12539895",
          "output": ".env\n.env.example\n.git\n.gitignore\nbun.lock\ncontext.log\nhelper.ts\nlogger.ts\nmain.sdk.ts\nmain.tool.ts\nmain.ts\nnode_modules\npackage-lock.json\npackage.json\ntools.ts"
        }
      ]
    },
    {
      "role": "assistant",
      "content": [
        {
          "type": "tool-call",
          "toolCallId": "call_56825710",
          "toolName": "readFile",
          "input": {
            "path": "./helper.ts"
          }
        }
      ]
    },
    {
      "role": "tool",
      "content": [
        {
          "type": "tool-result",
          "toolCallId": "call_56825710",
          "toolName": "readFile",
          "output": ""
        }
      ]
    }
  ]
}

================================================================================

================================================================================
SESSION: 3bd104c4-23cb-46cf-9bb3-dcb344b0d36c
TIMESTAMP: 2026-03-16T12:21:06.338Z
TOTAL MESSAGES: 8
================================================================================

{
  "system": [
    {
      "type": "text",
      "text": ""
    }
  ],
  "tools": [
    {
      "name": "listDirectory",
      "description": "List files in a directory",
      "parameters": {
        "$schema": "http://json-schema.org/draft-07/schema#",
        "type": "object",
        "properties": {
          "path": {
            "type": "string",
            "description": "Directory path to list"
          }
        },
        "required": [
          "path"
        ],
        "additionalProperties": false
      }
    },
    {
      "name": "readFile",
      "description": "Read contents of a file",
      "parameters": {
        "$schema": "http://json-schema.org/draft-07/schema#",
        "type": "object",
        "properties": {
          "path": {
            "type": "string",
            "description": "File path to read"
          }
        },
        "required": [
          "path"
        ],
        "additionalProperties": false
      }
    },
    {
      "name": "createFile",
      "description": "Create a new file with content",
      "parameters": {
        "$schema": "http://json-schema.org/draft-07/schema#",
        "type": "object",
        "properties": {
          "path": {
            "type": "string",
            "description": "File path to create"
          },
          "content": {
            "type": "string",
            "description": "Content to write"
          }
        },
        "required": [
          "path",
          "content"
        ],
        "additionalProperties": false
      }
    },
    {
      "name": "editFile",
      "description": "Edit an existing file by replacing old content with new content",
      "parameters": {
        "$schema": "http://json-schema.org/draft-07/schema#",
        "type": "object",
        "properties": {
          "path": {
            "type": "string",
            "description": "File path to edit"
          },
          "oldContent": {
            "type": "string",
            "description": "Content to replace"
          },
          "newContent": {
            "type": "string",
            "description": "New content"
          }
        },
        "required": [
          "path",
          "oldContent",
          "newContent"
        ],
        "additionalProperties": false
      }
    },
    {
      "name": "bash",
      "description": "Execute a bash command and return stdout, stderr, and exit code. Use this to run tests, builds, git commands, or verify results.",
      "parameters": {
        "$schema": "http://json-schema.org/draft-07/schema#",
        "type": "object",
        "properties": {
          "command": {
            "type": "string",
            "description": "The bash command to execute"
          },
          "cwd": {
            "description": "Working directory (defaults to current directory)",
            "type": "string"
          },
          "timeout": {
            "description": "Timeout in milliseconds (defaults to 30000)",
            "type": "number"
          }
        },
        "required": [
          "command"
        ],
        "additionalProperties": false
      }
    }
  ],
  "messages": [
    {
      "role": "system",
      "content": [
        {
          "type": "text",
          "text": ""
        }
      ]
    },
    {
      "role": "user",
      "content": "implements cpf formatter in ./helper.ts"
    },
    {
      "role": "assistant",
      "content": [
        {
          "type": "tool-call",
          "toolCallId": "call_12539895",
          "toolName": "listDirectory",
          "input": {
            "path": "."
          }
        }
      ]
    },
    {
      "role": "tool",
      "content": [
        {
          "type": "tool-result",
          "toolCallId": "call_12539895",
          "output": ".env\n.env.example\n.git\n.gitignore\nbun.lock\ncontext.log\nhelper.ts\nlogger.ts\nmain.sdk.ts\nmain.tool.ts\nmain.ts\nnode_modules\npackage-lock.json\npackage.json\ntools.ts"
        }
      ]
    },
    {
      "role": "assistant",
      "content": [
        {
          "type": "tool-call",
          "toolCallId": "call_56825710",
          "toolName": "readFile",
          "input": {
            "path": "./helper.ts"
          }
        }
      ]
    },
    {
      "role": "tool",
      "content": [
        {
          "type": "tool-result",
          "toolCallId": "call_56825710",
          "output": ""
        }
      ]
    },
    {
      "role": "assistant",
      "content": [
        {
          "type": "tool-call",
          "toolCallId": "call_82727505",
          "toolName": "editFile",
          "input": {
            "path": "./helper.ts",
            "oldContent": "",
            "newContent": "export function formatCPF(cpf: string): string {\n  // Remove all non-digit characters\n  cpf = cpf.replace(/\\D/g, '');\n\n  // Apply CPF mask: 000.000.000-00\n  return cpf.replace(/(\\d{3})(\\d{3})(\\d{3})(\\d{2})/, '$1.$2.$3-$4');\n}"
          }
        }
      ]
    },
    {
      "role": "tool",
      "content": [
        {
          "type": "tool-result",
          "toolCallId": "call_82727505",
          "toolName": "editFile",
          "output": "File edited: ./helper.ts"
        }
      ]
    }
  ]
}

================================================================================

================================================================================
SESSION: 3bd104c4-23cb-46cf-9bb3-dcb344b0d36c
TIMESTAMP: 2026-03-16T12:21:08.827Z
TOTAL MESSAGES: 9
================================================================================

{
  "system": [
    {
      "type": "text",
      "text": ""
    }
  ],
  "tools": [
    {
      "name": "listDirectory",
      "description": "List files in a directory",
      "parameters": {
        "$schema": "http://json-schema.org/draft-07/schema#",
        "type": "object",
        "properties": {
          "path": {
            "type": "string",
            "description": "Directory path to list"
          }
        },
        "required": [
          "path"
        ],
        "additionalProperties": false
      }
    },
    {
      "name": "readFile",
      "description": "Read contents of a file",
      "parameters": {
        "$schema": "http://json-schema.org/draft-07/schema#",
        "type": "object",
        "properties": {
          "path": {
            "type": "string",
            "description": "File path to read"
          }
        },
        "required": [
          "path"
        ],
        "additionalProperties": false
      }
    },
    {
      "name": "createFile",
      "description": "Create a new file with content",
      "parameters": {
        "$schema": "http://json-schema.org/draft-07/schema#",
        "type": "object",
        "properties": {
          "path": {
            "type": "string",
            "description": "File path to create"
          },
          "content": {
            "type": "string",
            "description": "Content to write"
          }
        },
        "required": [
          "path",
          "content"
        ],
        "additionalProperties": false
      }
    },
    {
      "name": "editFile",
      "description": "Edit an existing file by replacing old content with new content",
      "parameters": {
        "$schema": "http://json-schema.org/draft-07/schema#",
        "type": "object",
        "properties": {
          "path": {
            "type": "string",
            "description": "File path to edit"
          },
          "oldContent": {
            "type": "string",
            "description": "Content to replace"
          },
          "newContent": {
            "type": "string",
            "description": "New content"
          }
        },
        "required": [
          "path",
          "oldContent",
          "newContent"
        ],
        "additionalProperties": false
      }
    },
    {
      "name": "bash",
      "description": "Execute a bash command and return stdout, stderr, and exit code. Use this to run tests, builds, git commands, or verify results.",
      "parameters": {
        "$schema": "http://json-schema.org/draft-07/schema#",
        "type": "object",
        "properties": {
          "command": {
            "type": "string",
            "description": "The bash command to execute"
          },
          "cwd": {
            "description": "Working directory (defaults to current directory)",
            "type": "string"
          },
          "timeout": {
            "description": "Timeout in milliseconds (defaults to 30000)",
            "type": "number"
          }
        },
        "required": [
          "command"
        ],
        "additionalProperties": false
      }
    }
  ],
  "messages": [
    {
      "role": "system",
      "content": [
        {
          "type": "text",
          "text": ""
        }
      ]
    },
    {
      "role": "user",
      "content": "implements cpf formatter in ./helper.ts"
    },
    {
      "role": "assistant",
      "content": [
        {
          "type": "tool-call",
          "toolCallId": "call_12539895",
          "toolName": "listDirectory",
          "input": {
            "path": "."
          }
        }
      ]
    },
    {
      "role": "tool",
      "content": [
        {
          "type": "tool-result",
          "toolCallId": "call_12539895",
          "output": ".env\n.env.example\n.git\n.gitignore\nbun.lock\ncontext.log\nhelper.ts\nlogger.ts\nmain.sdk.ts\nmain.tool.ts\nmain.ts\nnode_modules\npackage-lock.json\npackage.json\ntools.ts"
        }
      ]
    },
    {
      "role": "assistant",
      "content": [
        {
          "type": "tool-call",
          "toolCallId": "call_56825710",
          "toolName": "readFile",
          "input": {
            "path": "./helper.ts"
          }
        }
      ]
    },
    {
      "role": "tool",
      "content": [
        {
          "type": "tool-result",
          "toolCallId": "call_56825710",
          "output": ""
        }
      ]
    },
    {
      "role": "assistant",
      "content": [
        {
          "type": "tool-call",
          "toolCallId": "call_82727505",
          "toolName": "editFile",
          "input": {
            "path": "./helper.ts",
            "oldContent": "",
            "newContent": "export function formatCPF(cpf: string): string {\n  // Remove all non-digit characters\n  cpf = cpf.replace(/\\D/g, '');\n\n  // Apply CPF mask: 000.000.000-00\n  return cpf.replace(/(\\d{3})(\\d{3})(\\d{3})(\\d{2})/, '$1.$2.$3-$4');\n}"
          }
        }
      ]
    },
    {
      "role": "tool",
      "content": [
        {
          "type": "tool-result",
          "toolCallId": "call_82727505",
          "output": "File edited: ./helper.ts"
        }
      ]
    },
    {
      "role": "assistant",
      "content": [
        {
          "type": "text",
          "text": "CPF formatter implemented in `./helper.ts`:\n\n```typescript\nexport function formatCPF(cpf: string): string {\n  // Remove all non-digit characters\n  cpf = cpf.replace(/\\D/g, '');\n\n  // Apply CPF mask: 000.000.000-00\n  return cpf.replace(/(\\d{3})(\\d{3})(\\d{3})(\\d{2})/, '$1.$2.$3-$4');\n}\n```\n\n**Example usage:**\n```typescript\nconsole.log(formatCPF('12345678901')); // \"123.456.789-01\"\nconsole.log(formatCPF('123.456.789-01')); // \"123.456.789-01\"\n```"
        }
      ]
    }
  ]
}

================================================================================

